  Source.cpp
C:\Users\HP\source\repos\Project2\Project2\Source.cpp(284,24): warning C4305: 'initializing': truncation from 'double' to 'float'
C:\Users\HP\source\repos\Project2\Project2\Source.cpp(376,44): warning C4244: '+=': conversion from 'GLfloat' to 'GLint', possible loss of data
C:\Users\HP\source\repos\Project2\Project2\Source.cpp(377,20): warning C4244: 'argument': conversion from 'GLint' to 'GLfloat', possible loss of data
C:\Users\HP\source\repos\Project2\Project2\Source.cpp(378,20): warning C4244: 'argument': conversion from 'GLint' to 'GLfloat', possible loss of data
C:\Users\HP\source\repos\Project2\Project2\Source.cpp(380,28): warning C4244: 'argument': conversion from 'GLint' to 'GLfloat', possible loss of data
C:\Users\HP\source\repos\Project2\Project2\Source.cpp(381,29): warning C4244: 'argument': conversion from 'GLint' to 'GLfloat', possible loss of data
C:\Users\HP\source\repos\Project2\Project2\Source.cpp(541,5): warning C4305: 'initializing': truncation from 'double' to 'float'
C:\Users\HP\source\repos\Project2\Project2\Source.cpp(541,50): warning C4305: '+=': truncation from 'double' to 'float'
C:\Users\HP\source\repos\Project2\Project2\Source.cpp(596,28): warning C4305: 'argument': truncation from 'double' to 'GLfloat'
C:\Users\HP\source\repos\Project2\Project2\Source.cpp(602,28): warning C4305: 'argument': truncation from 'double' to 'GLfloat'
C:\Users\HP\source\repos\Project2\Project2\Source.cpp(608,28): warning C4305: 'argument': truncation from 'double' to 'GLfloat'
C:\Users\HP\source\repos\Project2\Project2\Source.cpp(736,39): warning C4305: 'initializing': truncation from 'double' to 'float'
C:\Users\HP\source\repos\Project2\Project2\Source.cpp(748,16): warning C4244: 'argument': conversion from 'int' to 'GLfloat', possible loss of data
C:\Users\HP\source\repos\Project2\Project2\Source.cpp(749,24): warning C4244: 'argument': conversion from 'int' to 'GLfloat', possible loss of data
C:\Users\HP\source\repos\Project2\Project2\Source.cpp(749,16): warning C4244: 'argument': conversion from 'int' to 'GLfloat', possible loss of data
C:\Users\HP\source\repos\Project2\Project2\Source.cpp(774,24): warning C4305: 'argument': truncation from 'double' to 'GLfloat'
C:\Users\HP\source\repos\Project2\Project2\Source.cpp(775,25): warning C4305: 'argument': truncation from 'double' to 'GLfloat'
C:\Users\HP\source\repos\Project2\Project2\Source.cpp(780,25): warning C4305: 'argument': truncation from 'double' to 'GLfloat'
C:\Users\HP\source\repos\Project2\Project2\Source.cpp(781,24): warning C4305: 'argument': truncation from 'double' to 'GLfloat'
C:\Users\HP\source\repos\Project2\Project2\Source.cpp(793,56): warning C4305: 'initializing': truncation from 'double' to 'const GLfloat'
C:\Users\HP\source\repos\Project2\Project2\Source.cpp(842,28): warning C4305: 'argument': truncation from 'double' to 'GLfloat'
C:\Users\HP\source\repos\Project2\Project2\Source.cpp(81): warning C4715: 'play': not all control paths return a value
  Project2.vcxproj -> C:\Users\HP\source\repos\Project2\Debug\Project2.exe
